Using pre-set license
Built from '2022.2/staging' branch; Version is '2022.2.18f1 (5ebc6493a86f) revision 6208612'; Using compiler version '192829333'; Build Type 'Release'
OS: 'Windows 10  (10.0.19045) 64bit Professional' Language: 'ru' Physical Memory: 16302 MB
BatchMode: 1, IsHumanControllingUs: 0, StartBugReporterOnCrash: 0, Is64bit: 1, IsPro: 1

COMMAND LINE ARGUMENTS:
C:\Program Files\Unity\Hub\Editor\2022.2.18f1\Editor\Unity.exe
-adb2
-batchMode
-noUpm
-name
AssetImportWorker6
-projectPath
C:/Users/FeedMashina/Desktop/PAPKA/UNECOMobile2D вЂ” РєРѕРїРёСЏ
-logFile
Logs/AssetImportWorker6.log
-srvPort
60423
Successfully changed project path to: C:/Users/FeedMashina/Desktop/PAPKA/UNECOMobile2D вЂ” РєРѕРїРёСЏ
C:/Users/FeedMashina/Desktop/PAPKA/UNECOMobile2D вЂ” РєРѕРїРёСЏ
[UnityMemory] Configuration Parameters - Can be set up in boot.config
    "memorysetup-bucket-allocator-granularity=16"
    "memorysetup-bucket-allocator-bucket-count=8"
    "memorysetup-bucket-allocator-block-size=33554432"
    "memorysetup-bucket-allocator-block-count=8"
    "memorysetup-main-allocator-block-size=16777216"
    "memorysetup-thread-allocator-block-size=16777216"
    "memorysetup-gfx-main-allocator-block-size=16777216"
    "memorysetup-gfx-thread-allocator-block-size=16777216"
    "memorysetup-cache-allocator-block-size=4194304"
    "memorysetup-typetree-allocator-block-size=2097152"
    "memorysetup-profiler-bucket-allocator-granularity=16"
    "memorysetup-profiler-bucket-allocator-bucket-count=8"
    "memorysetup-profiler-bucket-allocator-block-size=33554432"
    "memorysetup-profiler-bucket-allocator-block-count=8"
    "memorysetup-profiler-allocator-block-size=16777216"
    "memorysetup-profiler-editor-allocator-block-size=1048576"
    "memorysetup-temp-allocator-size-main=16777216"
    "memorysetup-job-temp-allocator-block-size=2097152"
    "memorysetup-job-temp-allocator-block-size-background=1048576"
    "memorysetup-job-temp-allocator-reduction-small-platforms=262144"
    "memorysetup-temp-allocator-size-background-worker=32768"
    "memorysetup-temp-allocator-size-job-worker=262144"
    "memorysetup-temp-allocator-size-preload-manager=33554432"
    "memorysetup-temp-allocator-size-nav-mesh-worker=65536"
    "memorysetup-temp-allocator-size-audio-worker=65536"
    "memorysetup-temp-allocator-size-cloud-worker=32768"
    "memorysetup-temp-allocator-size-gi-baking-worker=262144"
    "memorysetup-temp-allocator-size-gfx=262144"
Player connection [12708] Host "[IP] 192.168.0.22 [Port] 0 [Flags] 2 [Guid] 1727276515 [EditorId] 1727276515 [Version] 1048832 [Id] WindowsEditor(7,DESKTOP-81GNIS3) [Debug] 1 [PackageName] WindowsEditor [ProjectName] Editor" joined multi-casting on [225.0.0.222:54997]...

Player connection [12708] Host "[IP] 192.168.0.22 [Port] 0 [Flags] 2 [Guid] 1727276515 [EditorId] 1727276515 [Version] 1048832 [Id] WindowsEditor(7,DESKTOP-81GNIS3) [Debug] 1 [PackageName] WindowsEditor [ProjectName] Editor" joined alternative multi-casting on [225.0.0.222:34997]...

Refreshing native plugins compatible for Editor in 32.48 ms, found 4 plugins.
Preloading 0 native plugins for Editor in 0.00 ms.
Initialize engine version: 2022.2.18f1 (5ebc6493a86f)
[Subsystems] Discovering subsystems at path C:/Program Files/Unity/Hub/Editor/2022.2.18f1/Editor/Data/Resources/UnitySubsystems
[Subsystems] Discovering subsystems at path C:/Users/FeedMashina/Desktop/PAPKA/UNECOMobile2D вЂ” РєРѕРїРёСЏ/Assets
GfxDevice: creating device client; threaded=0; jobified=0
Direct3D:
    Version:  Direct3D 11.0 [level 11.1]
    Renderer: NVIDIA GeForce RTX 2060 SUPER (ID=0x1f06)
    Vendor:   NVIDIA
    VRAM:     8019 MB
    Driver:   31.0.15.3179
Initialize mono
Mono path[0] = 'C:/Program Files/Unity/Hub/Editor/2022.2.18f1/Editor/Data/Managed'
Mono path[1] = 'C:/Program Files/Unity/Hub/Editor/2022.2.18f1/Editor/Data/MonoBleedingEdge/lib/mono/unityjit-win32'
Mono config path = 'C:/Program Files/Unity/Hub/Editor/2022.2.18f1/Editor/Data/MonoBleedingEdge/etc'
Using monoOptions --debugger-agent=transport=dt_socket,embedding=1,server=y,suspend=n,address=127.0.0.1:56488
Begin MonoManager ReloadAssembly
Registering precompiled unity dll's ...
Register platform support module: C:/Program Files/Unity/Hub/Editor/2022.2.18f1/Editor/Data/PlaybackEngines/AndroidPlayer/UnityEditor.Android.Extensions.dll
Register platform support module: C:/Program Files/Unity/Hub/Editor/2022.2.18f1/Editor/Data/PlaybackEngines/iOSSupport/UnityEditor.iOS.Extensions.dll
Register platform support module: C:/Program Files/Unity/Hub/Editor/2022.2.18f1/Editor/Data/PlaybackEngines/WindowsStandaloneSupport/UnityEditor.WindowsStandalone.Extensions.dll
Registered in 0.013280 seconds.
- Loaded All Assemblies, in  0.417 seconds
Native extension for WindowsStandalone target not found
[usbmuxd] Start listen thread
[usbmuxd] Listen thread started
Native extension for iOS target not found
Native extension for Android target not found
Android Extension - Scanning For ADB Devices 334 ms
Mono: successfully reloaded assembly
- Finished resetting the current domain, in  0.695 seconds
Domain Reload Profiling:
	ReloadAssembly (233ms)
		BeginReloadAssembly (109ms)
			ExecutionOrderSort (0ms)
			DisableScriptedObjects (0ms)
			BackupInstance (0ms)
			ReleaseScriptingObjects (0ms)
			CreateAndSetChildDomain (1ms)
		LoadAllAssembliesAndSetupDomain (0ms)
			LoadAssemblies (107ms)
			RebuildTransferFunctionScriptingTraits (0ms)
			SetupTypeCache (174ms)
				TypeCache.Initialize (173ms)
					TypeCache.ScanAssembly (171ms)
				ResolveRequiredComponents (1ms)
		FinalizeReload (0ms)
			ReleaseScriptCaches (0ms)
			RebuildScriptCaches (0ms)
			SetupLoadedEditorAssemblies (619ms)
				LogAssemblyErrors (0ms)
				InitializePlatformSupportModulesInManaged (452ms)
				SetLoadedEditorAssemblies (7ms)
				RefreshPlugins (0ms)
				BeforeProcessingInitializeOnLoad (1ms)
				ProcessInitializeOnLoadAttributes (105ms)
				ProcessInitializeOnLoadMethodAttributes (54ms)
				AfterProcessingInitializeOnLoad (0ms)
				EditorAssembliesLoaded (0ms)
			ExecutionOrderSort2 (0ms)
			AwakeInstancesAfterBackupRestoration (0ms)
========================================================================
Worker process is ready to serve import requests
Begin MonoManager ReloadAssembly
Symbol file LoadedFromMemory doesn't match image C:\Users\FeedMashina\Desktop\PAPKA\UNECOMobile2D вЂ” РєРѕРїРёСЏ\Library\PackageCache\com.unity.visualscripting@1.8.0\Editor\VisualScripting.Core\Dependencies\YamlDotNet\Unity.VisualScripting.YamlDotNet.dll
Symbol file LoadedFromMemory doesn't match image C:\Users\FeedMashina\Desktop\PAPKA\UNECOMobile2D вЂ” РєРѕРїРёСЏ\Library\PackageCache\com.unity.visualscripting@1.8.0\Editor\VisualScripting.Core\Dependencies\DotNetZip\Unity.VisualScripting.IonicZip.dll
- Loaded All Assemblies, in  1.042 seconds
Refreshing native plugins compatible for Editor in 8.43 ms, found 4 plugins.
Native extension for WindowsStandalone target not found
Native extension for iOS target not found
Native extension for Android target not found
Mono: successfully reloaded assembly
Package Manager log level set to [2]
[Package Manager] Server::EnsureServerProcessIsRunning -- launch failed, reason: Unity was launched with the -noUpm command-line argument
[Package Manager] UpmClient::Send -- Unable to send message (not connected to UPM process).
[Package Manager] Cannot connect to Unity Package Manager local server
[Package Manager] Server::EnsureServerProcessIsRunning -- launch failed, reason: Unity was launched with the -noUpm command-line argument
[Package Manager] UpmClient::Send -- Unable to send message (not connected to UPM process).
[Package Manager] Cannot connect to Unity Package Manager local server
- Finished resetting the current domain, in  0.746 seconds
Domain Reload Profiling:
	ReloadAssembly (338ms)
		BeginReloadAssembly (236ms)
			ExecutionOrderSort (0ms)
			DisableScriptedObjects (6ms)
			BackupInstance (0ms)
			ReleaseScriptingObjects (1ms)
			CreateAndSetChildDomain (48ms)
		LoadAllAssembliesAndSetupDomain (698ms)
			LoadAssemblies (400ms)
			RebuildTransferFunctionScriptingTraits (0ms)
			SetupTypeCache (384ms)
				TypeCache.Initialize (346ms)
					TypeCache.ScanAssembly (339ms)
				ResolveRequiredComponents (6ms)
		FinalizeReload (0ms)
			ReleaseScriptCaches (0ms)
			RebuildScriptCaches (0ms)
			SetupLoadedEditorAssemblies (513ms)
				LogAssemblyErrors (0ms)
				InitializePlatformSupportModulesInManaged (37ms)
				SetLoadedEditorAssemblies (6ms)
				RefreshPlugins (0ms)
				BeforeProcessingInitializeOnLoad (93ms)
				ProcessInitializeOnLoadAttributes (322ms)
				ProcessInitializeOnLoadMethodAttributes (46ms)
				AfterProcessingInitializeOnLoad (8ms)
				EditorAssembliesLoaded (0ms)
			ExecutionOrderSort2 (0ms)
			AwakeInstancesAfterBackupRestoration (7ms)
Launched and connected shader compiler UnityShaderCompiler.exe after 0.09 seconds
Refreshing native plugins compatible for Editor in 10.89 ms, found 4 plugins.
Preloading 0 native plugins for Editor in 0.00 ms.
Unloading 4350 Unused Serialized files (Serialized files now loaded: 0)
Unloading 80 unused Assets / (79.3 KB). Loaded Objects now: 4802.
Memory consumption went from 142.2 MB to 142.1 MB.
Total: 4.943800 ms (FindLiveObjects: 0.562000 ms CreateObjectMapping: 0.467200 ms MarkObjects: 3.735000 ms  DeleteObjects: 0.178200 ms)

AssetImportParameters requested are different than current active one (requested -> active):
  custom:container-demuxer-ogg: 62fdf1f143b41e24485cea50d1cbac27 -> 
  custom:video-decoder-ogg-theora: a1e56fd34408186e4bbccfd4996cb3dc -> 
  custom:framework-win-MediaFoundation: 216162199b28c13a410421893ffa2e32 -> 
  custom:container-demuxer-webm: 4f35f7cbe854078d1ac9338744f61a02 -> 
  custom:container-muxer-webm: aa71ff27fc2769a1b78a27578f13a17b -> 
  custom:video-decoder-webm-vp8: 9c59270c3fd7afecdb556c50c9e8de78 -> 
  custom:AudioImporter_EditorPlatform: d09bf68614088b80899f8185d706f6e7 -> 
  custom:video-encoder-webm-vp8: eb34c28f22e8b96e1ab97ce403110664 -> 
  custom:audio-decoder-ogg-vorbis: bf7c407c2cedff20999df2af8eb42d56 -> 
  custom:audio-encoder-webm-vorbis: bf7c407c2cedff20999df2af8eb42d56 -> 
========================================================================
Received Import Request.
  Time since last request: 74951.134711 seconds.
  path: Assets/РњРѕРґРµР»СЊРєРё/РёРЅСЃС‚СЂСѓРјРµРЅС‚С‹/Р»РµР№РєР°.png
  artifactKey: Guid(84a697863a878494f9f506500a216f2a) Importer(815301076,1909f56bfc062723c751e8b465ee728b)
Start importing Assets/РњРѕРґРµР»СЊРєРё/РёРЅСЃС‚СЂСѓРјРµРЅС‚С‹/Р»РµР№РєР°.png using Guid(84a697863a878494f9f506500a216f2a) Importer(815301076,1909f56bfc062723c751e8b465ee728b)  -> (artifact id: '5402b90d1bf44b86cd0980695de75e9f') in 0.128275 seconds
Number of updated asset objects reloaded before import = 0
Number of asset objects unloaded after import = 3
========================================================================
Received Import Request.
  Time since last request: 19.343061 seconds.
  path: Assets/Inventory/New Item 1.asset
  artifactKey: Guid(af216221e8ad21c46ba99edaf2a563c5) Importer(815301076,1909f56bfc062723c751e8b465ee728b)
Start importing Assets/Inventory/New Item 1.asset using Guid(af216221e8ad21c46ba99edaf2a563c5) Importer(815301076,1909f56bfc062723c751e8b465ee728b)  -> (artifact id: 'c19ecaf045ee51c630a979dbd8e850eb') in 0.001829 seconds
Number of updated asset objects reloaded before import = 0
Number of asset objects unloaded after import = 1
========================================================================
Received Import Request.
  Time since last request: 109.008156 seconds.
  path: Assets/Animations/РѕР·РµСЂР°/РіСЂСЏР·РЅРѕРµ РѕР·РµСЂРѕ.prefab
  artifactKey: Guid(d23cb8c2ebcf85b42b6d4ee01ebf1c70) Importer(815301076,1909f56bfc062723c751e8b465ee728b)
Start importing Assets/Animations/РѕР·РµСЂР°/РіСЂСЏР·РЅРѕРµ РѕР·РµСЂРѕ.prefab using Guid(d23cb8c2ebcf85b42b6d4ee01ebf1c70) Importer(815301076,1909f56bfc062723c751e8b465ee728b)  -> (artifact id: '6509d9cc069795bc207c24a6d621c3be') in 0.069699 seconds
Number of updated asset objects reloaded before import = 0
Number of asset objects unloaded after import = 7
========================================================================
Received Import Request.
  Time since last request: 10.508852 seconds.
  path: Assets/Ui/2.jpg
  artifactKey: Guid(35cde66790fae7b4790092d428f56680) Importer(815301076,1909f56bfc062723c751e8b465ee728b)
Start importing Assets/Ui/2.jpg using Guid(35cde66790fae7b4790092d428f56680) Importer(815301076,1909f56bfc062723c751e8b465ee728b)  -> (artifact id: 'df5ed02d5438aa0ab9c66e7a42cd44c0') in 0.026915 seconds
Number of updated asset objects reloaded before import = 0
Number of asset objects unloaded after import = 3
========================================================================
Received Import Request.
  Time since last request: 0.000028 seconds.
  path: Assets/Ui/3.jpg
  artifactKey: Guid(d24bc6ac09038f1469099fe908020ec7) Importer(815301076,1909f56bfc062723c751e8b465ee728b)
Start importing Assets/Ui/3.jpg using Guid(d24bc6ac09038f1469099fe908020ec7) Importer(815301076,1909f56bfc062723c751e8b465ee728b)  -> (artifact id: 'c4acd66d0eedac7a9e5a52615012eabb') in 0.021283 seconds
Number of updated asset objects reloaded before import = 0
Number of asset objects unloaded after import = 3
========================================================================
Received Import Request.
  Time since last request: 1.610209 seconds.
  path: Assets/РњРѕРґРµР»СЊРєРё/Р±РµС‚Р° Р·РµРјР»СЏ.prefab
  artifactKey: Guid(cc973127d5a0e0b48bbae7ece8ea64ba) Importer(815301076,1909f56bfc062723c751e8b465ee728b)
Start importing Assets/РњРѕРґРµР»СЊРєРё/Р±РµС‚Р° Р·РµРјР»СЏ.prefab using Guid(cc973127d5a0e0b48bbae7ece8ea64ba) Importer(815301076,1909f56bfc062723c751e8b465ee728b)  -> (artifact id: '3ba6d015dc4cd43f762fe217e4f6dd35') in 0.061036 seconds
Number of updated asset objects reloaded before import = 0
Number of asset objects unloaded after import = 7
========================================================================
Received Import Request.
  Time since last request: 0.000612 seconds.
  path: Assets/РњРѕРґРµР»СЊРєРё/Р±РµС‚Р° Р·РµРјР»СЏ (1).prefab
  artifactKey: Guid(08e0a9859d11c684c870bd3fb1e58232) Importer(815301076,1909f56bfc062723c751e8b465ee728b)
Start importing Assets/РњРѕРґРµР»СЊРєРё/Р±РµС‚Р° Р·РµРјР»СЏ (1).prefab using Guid(08e0a9859d11c684c870bd3fb1e58232) Importer(815301076,1909f56bfc062723c751e8b465ee728b)  -> (artifact id: 'c3cf637bf3e42a85ae26fd08b05cefc0') in 0.045348 seconds
Number of updated asset objects reloaded before import = 0
Number of asset objects unloaded after import = 7
========================================================================
Received Import Request.
  Time since last request: 0.000042 seconds.
  path: Assets/РњРѕРґРµР»СЊРєРё/Р±РµС‚Р° Р·РµРјР»СЏ СЃРѕР±СЂР°РЅРёРµ.png
  artifactKey: Guid(6ae46ee12a4b71b4fb6bff0578fd14e6) Importer(815301076,1909f56bfc062723c751e8b465ee728b)
Start importing Assets/РњРѕРґРµР»СЊРєРё/Р±РµС‚Р° Р·РµРјР»СЏ СЃРѕР±СЂР°РЅРёРµ.png using Guid(6ae46ee12a4b71b4fb6bff0578fd14e6) Importer(815301076,1909f56bfc062723c751e8b465ee728b)  -> (artifact id: 'a2680639edfeb800c8799588e5077b8e') in 0.069276 seconds
Number of updated asset objects reloaded before import = 0
Number of asset objects unloaded after import = 3
========================================================================
Received Import Request.
  Time since last request: 0.000031 seconds.
  path: Assets/РњРѕРґРµР»СЊРєРё/Р±РµС‚Р° Р·РµРјР»СЏ.psd
  artifactKey: Guid(068450656a1ded1428cd835806bcf2c2) Importer(815301076,1909f56bfc062723c751e8b465ee728b)
Start importing Assets/РњРѕРґРµР»СЊРєРё/Р±РµС‚Р° Р·РµРјР»СЏ.psd using Guid(068450656a1ded1428cd835806bcf2c2) Importer(815301076,1909f56bfc062723c751e8b465ee728b)  -> (artifact id: 'e5997b3c6902865749cbc82680de6513') in 0.045239 seconds
Number of updated asset objects reloaded before import = 0
Number of asset objects unloaded after import = 3
========================================================================
Received Import Request.
  Time since last request: 0.000042 seconds.
  path: Assets/РњРѕРґРµР»СЊРєРё/РґРµСЂРµРІРѕ 1.png
  artifactKey: Guid(67b8fca589f5cc24fa334ad4ba0a2c0e) Importer(815301076,1909f56bfc062723c751e8b465ee728b)
Start importing Assets/РњРѕРґРµР»СЊРєРё/РґРµСЂРµРІРѕ 1.png using Guid(67b8fca589f5cc24fa334ad4ba0a2c0e) Importer(815301076,1909f56bfc062723c751e8b465ee728b)  -> (artifact id: '85ef3c4c865a7d3e507d53171f132b1e') in 0.036248 seconds
Number of updated asset objects reloaded before import = 0
Number of asset objects unloaded after import = 3
========================================================================
Received Import Request.
  Time since last request: 0.000046 seconds.
  path: Assets/РњРѕРґРµР»СЊРєРё/РєР°РјРµРЅСЊ.png
  artifactKey: Guid(3de5f420bd0297c44b45d4d39d8dd84d) Importer(815301076,1909f56bfc062723c751e8b465ee728b)
Start importing Assets/РњРѕРґРµР»СЊРєРё/РєР°РјРµРЅСЊ.png using Guid(3de5f420bd0297c44b45d4d39d8dd84d) Importer(815301076,1909f56bfc062723c751e8b465ee728b)  -> (artifact id: 'b5591f3c93cbcb76dd7b909eda7f4ede') in 0.027589 seconds
Number of updated asset objects reloaded before import = 0
Number of asset objects unloaded after import = 3
========================================================================
Received Import Request.
  Time since last request: 0.000036 seconds.
  path: Assets/РњРѕРґРµР»СЊРєРё/РєР°РјРµРЅСЊ.prefab
  artifactKey: Guid(3ce2314b701546f42b55b1818f854b21) Importer(815301076,1909f56bfc062723c751e8b465ee728b)
Start importing Assets/РњРѕРґРµР»СЊРєРё/РєР°РјРµРЅСЊ.prefab using Guid(3ce2314b701546f42b55b1818f854b21) Importer(815301076,1909f56bfc062723c751e8b465ee728b)  -> (artifact id: '0836967b96394925905f0f9434210a02') in 0.018027 seconds
Number of updated asset objects reloaded before import = 0
Number of asset objects unloaded after import = 7
========================================================================
Received Import Request.
  Time since last request: 0.000041 seconds.
  path: Assets/РњРѕРґРµР»СЊРєРё/РґРµСЂРµРІРѕ.prefab
  artifactKey: Guid(3f52be6dff01d9349b0e53a02102e3b3) Importer(815301076,1909f56bfc062723c751e8b465ee728b)
Start importing Assets/РњРѕРґРµР»СЊРєРё/РґРµСЂРµРІРѕ.prefab using Guid(3f52be6dff01d9349b0e53a02102e3b3) Importer(815301076,1909f56bfc062723c751e8b465ee728b)  -> (artifact id: '739916d65e5be51e245ea8fca0976524') in 0.021086 seconds
Number of updated asset objects reloaded before import = 0
Number of asset objects unloaded after import = 7
Editor requested this worker to shutdown with reason: Scaling down because of idle timeout
TcpMessagingSession - receive error: operation aborted. errorcode: 995, details: Операция ввода/вывода была прервана из-за завершения потока команд или по запросу приложения.
AssetImportWorker is now disconnected from the server
Process exiting
Exiting without the bug reporter. Application will terminate with return code 0