Using pre-set license
Built from '2022.2/staging' branch; Version is '2022.2.18f1 (5ebc6493a86f) revision 6208612'; Using compiler version '192829333'; Build Type 'Release'
OS: 'Windows 10  (10.0.19045) 64bit Professional' Language: 'ru' Physical Memory: 16302 MB
BatchMode: 1, IsHumanControllingUs: 0, StartBugReporterOnCrash: 0, Is64bit: 1, IsPro: 1

COMMAND LINE ARGUMENTS:
C:\Program Files\Unity\Hub\Editor\2022.2.18f1\Editor\Unity.exe
-adb2
-batchMode
-noUpm
-name
AssetImportWorker19
-projectPath
C:/Users/FeedMashina/Desktop/PAPKA/UNECOMobile2D — копия
-logFile
Logs/AssetImportWorker19.log
-srvPort
60423
Successfully changed project path to: C:/Users/FeedMashina/Desktop/PAPKA/UNECOMobile2D — копия
C:/Users/FeedMashina/Desktop/PAPKA/UNECOMobile2D — копия
[UnityMemory] Configuration Parameters - Can be set up in boot.config
    "memorysetup-bucket-allocator-granularity=16"
    "memorysetup-bucket-allocator-bucket-count=8"
    "memorysetup-bucket-allocator-block-size=33554432"
    "memorysetup-bucket-allocator-block-count=8"
    "memorysetup-main-allocator-block-size=16777216"
    "memorysetup-thread-allocator-block-size=16777216"
    "memorysetup-gfx-main-allocator-block-size=16777216"
    "memorysetup-gfx-thread-allocator-block-size=16777216"
    "memorysetup-cache-allocator-block-size=4194304"
    "memorysetup-typetree-allocator-block-size=2097152"
    "memorysetup-profiler-bucket-allocator-granularity=16"
    "memorysetup-profiler-bucket-allocator-bucket-count=8"
    "memorysetup-profiler-bucket-allocator-block-size=33554432"
    "memorysetup-profiler-bucket-allocator-block-count=8"
    "memorysetup-profiler-allocator-block-size=16777216"
    "memorysetup-profiler-editor-allocator-block-size=1048576"
    "memorysetup-temp-allocator-size-main=16777216"
    "memorysetup-job-temp-allocator-block-size=2097152"
    "memorysetup-job-temp-allocator-block-size-background=1048576"
    "memorysetup-job-temp-allocator-reduction-small-platforms=262144"
    "memorysetup-temp-allocator-size-background-worker=32768"
    "memorysetup-temp-allocator-size-job-worker=262144"
    "memorysetup-temp-allocator-size-preload-manager=33554432"
    "memorysetup-temp-allocator-size-nav-mesh-worker=65536"
    "memorysetup-temp-allocator-size-audio-worker=65536"
    "memorysetup-temp-allocator-size-cloud-worker=32768"
    "memorysetup-temp-allocator-size-gi-baking-worker=262144"
    "memorysetup-temp-allocator-size-gfx=262144"
Player connection [23280] Host "[IP] 192.168.0.22 [Port] 0 [Flags] 2 [Guid] 4122457997 [EditorId] 4122457997 [Version] 1048832 [Id] WindowsEditor(7,DESKTOP-81GNIS3) [Debug] 1 [PackageName] WindowsEditor [ProjectName] Editor" joined multi-casting on [225.0.0.222:54997]...

Player connection [23280] Host "[IP] 192.168.0.22 [Port] 0 [Flags] 2 [Guid] 4122457997 [EditorId] 4122457997 [Version] 1048832 [Id] WindowsEditor(7,DESKTOP-81GNIS3) [Debug] 1 [PackageName] WindowsEditor [ProjectName] Editor" joined alternative multi-casting on [225.0.0.222:34997]...

Refreshing native plugins compatible for Editor in 116.80 ms, found 4 plugins.
Preloading 0 native plugins for Editor in 0.00 ms.
Initialize engine version: 2022.2.18f1 (5ebc6493a86f)
[Subsystems] Discovering subsystems at path C:/Program Files/Unity/Hub/Editor/2022.2.18f1/Editor/Data/Resources/UnitySubsystems
[Subsystems] Discovering subsystems at path C:/Users/FeedMashina/Desktop/PAPKA/UNECOMobile2D — копия/Assets
GfxDevice: creating device client; threaded=0; jobified=0
Direct3D:
    Version:  Direct3D 11.0 [level 11.1]
    Renderer: NVIDIA GeForce RTX 2060 SUPER (ID=0x1f06)
    Vendor:   NVIDIA
    VRAM:     8019 MB
    Driver:   31.0.15.3179
Initialize mono
Mono path[0] = 'C:/Program Files/Unity/Hub/Editor/2022.2.18f1/Editor/Data/Managed'
Mono path[1] = 'C:/Program Files/Unity/Hub/Editor/2022.2.18f1/Editor/Data/MonoBleedingEdge/lib/mono/unityjit-win32'
Mono config path = 'C:/Program Files/Unity/Hub/Editor/2022.2.18f1/Editor/Data/MonoBleedingEdge/etc'
Using monoOptions --debugger-agent=transport=dt_socket,embedding=1,server=y,suspend=n,address=127.0.0.1:56432
Begin MonoManager ReloadAssembly
Registering precompiled unity dll's ...
Register platform support module: C:/Program Files/Unity/Hub/Editor/2022.2.18f1/Editor/Data/PlaybackEngines/AndroidPlayer/UnityEditor.Android.Extensions.dll
Register platform support module: C:/Program Files/Unity/Hub/Editor/2022.2.18f1/Editor/Data/PlaybackEngines/iOSSupport/UnityEditor.iOS.Extensions.dll
Register platform support module: C:/Program Files/Unity/Hub/Editor/2022.2.18f1/Editor/Data/PlaybackEngines/WindowsStandaloneSupport/UnityEditor.WindowsStandalone.Extensions.dll
Registered in 0.011608 seconds.
- Loaded All Assemblies, in  0.688 seconds
Native extension for WindowsStandalone target not found
[usbmuxd] Start listen thread
[usbmuxd] Listen thread started
Native extension for iOS target not found
Native extension for Android target not found
Android Extension - Scanning For ADB Devices 304 ms
Mono: successfully reloaded assembly
- Finished resetting the current domain, in  0.687 seconds
Domain Reload Profiling:
	ReloadAssembly (371ms)
		BeginReloadAssembly (115ms)
			ExecutionOrderSort (0ms)
			DisableScriptedObjects (0ms)
			BackupInstance (0ms)
			ReleaseScriptingObjects (0ms)
			CreateAndSetChildDomain (1ms)
		LoadAllAssembliesAndSetupDomain (0ms)
			LoadAssemblies (113ms)
			RebuildTransferFunctionScriptingTraits (0ms)
			SetupTypeCache (308ms)
				TypeCache.Initialize (307ms)
					TypeCache.ScanAssembly (304ms)
				ResolveRequiredComponents (0ms)
		FinalizeReload (0ms)
			ReleaseScriptCaches (0ms)
			RebuildScriptCaches (0ms)
			SetupLoadedEditorAssemblies (625ms)
				LogAssemblyErrors (0ms)
				InitializePlatformSupportModulesInManaged (454ms)
				SetLoadedEditorAssemblies (8ms)
				RefreshPlugins (0ms)
				BeforeProcessingInitializeOnLoad (2ms)
				ProcessInitializeOnLoadAttributes (109ms)
				ProcessInitializeOnLoadMethodAttributes (53ms)
				AfterProcessingInitializeOnLoad (0ms)
				EditorAssembliesLoaded (0ms)
			ExecutionOrderSort2 (0ms)
			AwakeInstancesAfterBackupRestoration (0ms)
========================================================================
Worker process is ready to serve import requests
Begin MonoManager ReloadAssembly
Symbol file LoadedFromMemory doesn't match image C:\Users\FeedMashina\Desktop\PAPKA\UNECOMobile2D — копия\Library\PackageCache\com.unity.visualscripting@1.8.0\Editor\VisualScripting.Core\Dependencies\YamlDotNet\Unity.VisualScripting.YamlDotNet.dll
Symbol file LoadedFromMemory doesn't match image C:\Users\FeedMashina\Desktop\PAPKA\UNECOMobile2D — копия\Library\PackageCache\com.unity.visualscripting@1.8.0\Editor\VisualScripting.Core\Dependencies\DotNetZip\Unity.VisualScripting.IonicZip.dll
- Loaded All Assemblies, in  0.956 seconds
Refreshing native plugins compatible for Editor in 7.20 ms, found 4 plugins.
Native extension for WindowsStandalone target not found
Native extension for iOS target not found
Native extension for Android target not found
Mono: successfully reloaded assembly
Package Manager log level set to [2]
[Package Manager] Server::EnsureServerProcessIsRunning -- launch failed, reason: Unity was launched with the -noUpm command-line argument
[Package Manager] UpmClient::Send -- Unable to send message (not connected to UPM process).
[Package Manager] Cannot connect to Unity Package Manager local server
[Package Manager] Server::EnsureServerProcessIsRunning -- launch failed, reason: Unity was launched with the -noUpm command-line argument
[Package Manager] UpmClient::Send -- Unable to send message (not connected to UPM process).
[Package Manager] Cannot connect to Unity Package Manager local server
- Finished resetting the current domain, in  0.660 seconds
Domain Reload Profiling:
	ReloadAssembly (262ms)
		BeginReloadAssembly (160ms)
			ExecutionOrderSort (0ms)
			DisableScriptedObjects (6ms)
			BackupInstance (0ms)
			ReleaseScriptingObjects (0ms)
			CreateAndSetChildDomain (29ms)
		LoadAllAssembliesAndSetupDomain (690ms)
			LoadAssemblies (405ms)
			RebuildTransferFunctionScriptingTraits (0ms)
			SetupTypeCache (364ms)
				TypeCache.Initialize (332ms)
					TypeCache.ScanAssembly (325ms)
				ResolveRequiredComponents (6ms)
		FinalizeReload (0ms)
			ReleaseScriptCaches (0ms)
			RebuildScriptCaches (0ms)
			SetupLoadedEditorAssemblies (469ms)
				LogAssemblyErrors (0ms)
				InitializePlatformSupportModulesInManaged (35ms)
				SetLoadedEditorAssemblies (5ms)
				RefreshPlugins (0ms)
				BeforeProcessingInitializeOnLoad (95ms)
				ProcessInitializeOnLoadAttributes (293ms)
				ProcessInitializeOnLoadMethodAttributes (33ms)
				AfterProcessingInitializeOnLoad (7ms)
				EditorAssembliesLoaded (0ms)
			ExecutionOrderSort2 (0ms)
			AwakeInstancesAfterBackupRestoration (7ms)
Launched and connected shader compiler UnityShaderCompiler.exe after 0.05 seconds
Refreshing native plugins compatible for Editor in 12.95 ms, found 4 plugins.
Preloading 0 native plugins for Editor in 0.00 ms.
Unloading 4352 Unused Serialized files (Serialized files now loaded: 0)
Unloading 80 unused Assets / (79.3 KB). Loaded Objects now: 4804.
Memory consumption went from 142.3 MB to 142.2 MB.
Total: 8.617700 ms (FindLiveObjects: 0.600300 ms CreateObjectMapping: 0.571900 ms MarkObjects: 7.111600 ms  DeleteObjects: 0.332200 ms)

AssetImportParameters requested are different than current active one (requested -> active):
  custom:container-demuxer-ogg: 62fdf1f143b41e24485cea50d1cbac27 -> 
  custom:video-decoder-ogg-theora: a1e56fd34408186e4bbccfd4996cb3dc -> 
  custom:framework-win-MediaFoundation: 216162199b28c13a410421893ffa2e32 -> 
  custom:container-demuxer-webm: 4f35f7cbe854078d1ac9338744f61a02 -> 
  custom:container-muxer-webm: aa71ff27fc2769a1b78a27578f13a17b -> 
  custom:video-decoder-webm-vp8: 9c59270c3fd7afecdb556c50c9e8de78 -> 
  custom:AudioImporter_EditorPlatform: d09bf68614088b80899f8185d706f6e7 -> 
  custom:video-encoder-webm-vp8: eb34c28f22e8b96e1ab97ce403110664 -> 
  custom:audio-decoder-ogg-vorbis: bf7c407c2cedff20999df2af8eb42d56 -> 
  custom:audio-encoder-webm-vorbis: bf7c407c2cedff20999df2af8eb42d56 -> 
========================================================================
Received Import Request.
  Time since last request: 139550.717315 seconds.
  path: Assets/Quests/Модельки/Игорь основа/NPC игорь ле внога.png
  artifactKey: Guid(c32ff1284a0030747a8ab58f40fd0565) Importer(815301076,1909f56bfc062723c751e8b465ee728b)
Start importing Assets/Quests/Модельки/Игорь основа/NPC игорь ле внога.png using Guid(c32ff1284a0030747a8ab58f40fd0565) Importer(815301076,1909f56bfc062723c751e8b465ee728b)  -> (artifact id: '16c12b5a0a5f63cd2db6aae4c7d137cf') in 0.227511 seconds
Number of updated asset objects reloaded before import = 0
Number of asset objects unloaded after import = 3
========================================================================
Received Import Request.
  Time since last request: 2.130901 seconds.
  path: Assets/Quests/Модельки/Мусор/бутылка.png
  artifactKey: Guid(14342f60f2a9d8b4e999b6d39dec12ee) Importer(815301076,1909f56bfc062723c751e8b465ee728b)
Start importing Assets/Quests/Модельки/Мусор/бутылка.png using Guid(14342f60f2a9d8b4e999b6d39dec12ee) Importer(815301076,1909f56bfc062723c751e8b465ee728b)  -> (artifact id: '03485a3e2ce9c812005c6c627870cc73') in 0.044477 seconds
Number of updated asset objects reloaded before import = 0
Number of asset objects unloaded after import = 3
========================================================================
Received Import Request.
  Time since last request: 2.663651 seconds.
  path: Assets/Quests/Модельки/Игорь основа 1/NPC игорь лев рука.png
  artifactKey: Guid(29f1cfbc9bbcb074fa82f9cc5979c3b1) Importer(815301076,1909f56bfc062723c751e8b465ee728b)
Start importing Assets/Quests/Модельки/Игорь основа 1/NPC игорь лев рука.png using Guid(29f1cfbc9bbcb074fa82f9cc5979c3b1) Importer(815301076,1909f56bfc062723c751e8b465ee728b)  -> (artifact id: '1ebb9ebdb63f322f6e8cebfe59fdcf62') in 0.053342 seconds
Number of updated asset objects reloaded before import = 0
Number of asset objects unloaded after import = 3
========================================================================
Received Import Request.
  Time since last request: 0.000081 seconds.
  path: Assets/Quests/Модельки/Игорь основа 1/модель новая.png
  artifactKey: Guid(86fd9a7c32c9f7a4d90ed5892ae90444) Importer(815301076,1909f56bfc062723c751e8b465ee728b)
Start importing Assets/Quests/Модельки/Игорь основа 1/модель новая.png using Guid(86fd9a7c32c9f7a4d90ed5892ae90444) Importer(815301076,1909f56bfc062723c751e8b465ee728b)  -> (artifact id: 'a2dc0547634b34c8d450cd1ab2a6a90f') in 0.043765 seconds
Number of updated asset objects reloaded before import = 0
Number of asset objects unloaded after import = 3
========================================================================
Received Import Request.
  Time since last request: 6.220099 seconds.
  path: Assets/Quests/Модельки/мусор 1/бутылка.png
  artifactKey: Guid(9e129515139acbd448cbfafb2d3967b2) Importer(815301076,1909f56bfc062723c751e8b465ee728b)
Start importing Assets/Quests/Модельки/мусор 1/бутылка.png using Guid(9e129515139acbd448cbfafb2d3967b2) Importer(815301076,1909f56bfc062723c751e8b465ee728b)  -> (artifact id: '66a0a29495f8f82633b5926558bd8647') in 0.030027 seconds
Number of updated asset objects reloaded before import = 0
Number of asset objects unloaded after import = 3
========================================================================
Received Import Request.
  Time since last request: 2.251246 seconds.
  path: Assets/Quests/Модельки/медведь/зад лев голень.png
  artifactKey: Guid(7ea914a469c7d864c9491b9cf6458cfa) Importer(815301076,1909f56bfc062723c751e8b465ee728b)
Start importing Assets/Quests/Модельки/медведь/зад лев голень.png using Guid(7ea914a469c7d864c9491b9cf6458cfa) Importer(815301076,1909f56bfc062723c751e8b465ee728b)  -> (artifact id: '6d48b1c2a41714ca5a5b833f3f6a94ec') in 0.020872 seconds
Number of updated asset objects reloaded before import = 0
Number of asset objects unloaded after import = 3
========================================================================
Received Import Request.
  Time since last request: 0.006316 seconds.
  path: Assets/Quests/Модельки/медведь/зад прав пятка.png
  artifactKey: Guid(8c52d0468bd5d4a4e9d338ea4acef7cc) Importer(815301076,1909f56bfc062723c751e8b465ee728b)
Start importing Assets/Quests/Модельки/медведь/зад прав пятка.png using Guid(8c52d0468bd5d4a4e9d338ea4acef7cc) Importer(815301076,1909f56bfc062723c751e8b465ee728b)  -> (artifact id: '162e88922265d49d6b37941ab4eb892a') in 0.022589 seconds
Number of updated asset objects reloaded before import = 0
Number of asset objects unloaded after import = 3
========================================================================
Received Import Request.
  Time since last request: 0.006844 seconds.
  path: Assets/Quests/Модельки/медведь/перед прав плечо.png
  artifactKey: Guid(62c92800c30a2e14fb8ee1a8269e3548) Importer(815301076,1909f56bfc062723c751e8b465ee728b)
Start importing Assets/Quests/Модельки/медведь/перед прав плечо.png using Guid(62c92800c30a2e14fb8ee1a8269e3548) Importer(815301076,1909f56bfc062723c751e8b465ee728b)  -> (artifact id: 'c7091b3716eda0fb1e59cf60c40bd759') in 0.021884 seconds
Number of updated asset objects reloaded before import = 0
Number of asset objects unloaded after import = 3
========================================================================
Received Import Request.
  Time since last request: 7.130713 seconds.
  path: Assets/Quests/Модельки/инструменты/лопата.png
  artifactKey: Guid(7eeba375859ef714ba8598f918905baf) Importer(815301076,1909f56bfc062723c751e8b465ee728b)
Start importing Assets/Quests/Модельки/инструменты/лопата.png using Guid(7eeba375859ef714ba8598f918905baf) Importer(815301076,1909f56bfc062723c751e8b465ee728b)  -> (artifact id: '8dd1b75d78e270c314a52ca68c19c88b') in 0.025269 seconds
Number of updated asset objects reloaded before import = 0
Number of asset objects unloaded after import = 3
