Using pre-set license
Built from '2022.2/staging' branch; Version is '2022.2.18f1 (5ebc6493a86f) revision 6208612'; Using compiler version '192829333'; Build Type 'Release'
OS: 'Windows 10  (10.0.19045) 64bit Professional' Language: 'ru' Physical Memory: 16302 MB
BatchMode: 1, IsHumanControllingUs: 0, StartBugReporterOnCrash: 0, Is64bit: 1, IsPro: 1

COMMAND LINE ARGUMENTS:
C:\Program Files\Unity\Hub\Editor\2022.2.18f1\Editor\Unity.exe
-adb2
-batchMode
-noUpm
-name
AssetImportWorker5
-projectPath
C:/Users/FeedMashina/Desktop/PAPKA/UNECOMobile2D вЂ” РєРѕРїРёСЏ
-logFile
Logs/AssetImportWorker5.log
-srvPort
60423
Successfully changed project path to: C:/Users/FeedMashina/Desktop/PAPKA/UNECOMobile2D вЂ” РєРѕРїРёСЏ
C:/Users/FeedMashina/Desktop/PAPKA/UNECOMobile2D вЂ” РєРѕРїРёСЏ
[UnityMemory] Configuration Parameters - Can be set up in boot.config
    "memorysetup-bucket-allocator-granularity=16"
    "memorysetup-bucket-allocator-bucket-count=8"
    "memorysetup-bucket-allocator-block-size=33554432"
    "memorysetup-bucket-allocator-block-count=8"
    "memorysetup-main-allocator-block-size=16777216"
    "memorysetup-thread-allocator-block-size=16777216"
    "memorysetup-gfx-main-allocator-block-size=16777216"
    "memorysetup-gfx-thread-allocator-block-size=16777216"
    "memorysetup-cache-allocator-block-size=4194304"
    "memorysetup-typetree-allocator-block-size=2097152"
    "memorysetup-profiler-bucket-allocator-granularity=16"
    "memorysetup-profiler-bucket-allocator-bucket-count=8"
    "memorysetup-profiler-bucket-allocator-block-size=33554432"
    "memorysetup-profiler-bucket-allocator-block-count=8"
    "memorysetup-profiler-allocator-block-size=16777216"
    "memorysetup-profiler-editor-allocator-block-size=1048576"
    "memorysetup-temp-allocator-size-main=16777216"
    "memorysetup-job-temp-allocator-block-size=2097152"
    "memorysetup-job-temp-allocator-block-size-background=1048576"
    "memorysetup-job-temp-allocator-reduction-small-platforms=262144"
    "memorysetup-temp-allocator-size-background-worker=32768"
    "memorysetup-temp-allocator-size-job-worker=262144"
    "memorysetup-temp-allocator-size-preload-manager=33554432"
    "memorysetup-temp-allocator-size-nav-mesh-worker=65536"
    "memorysetup-temp-allocator-size-audio-worker=65536"
    "memorysetup-temp-allocator-size-cloud-worker=32768"
    "memorysetup-temp-allocator-size-gi-baking-worker=262144"
    "memorysetup-temp-allocator-size-gfx=262144"
Player connection [21896] Host "[IP] 192.168.0.22 [Port] 0 [Flags] 2 [Guid] 1011475816 [EditorId] 1011475816 [Version] 1048832 [Id] WindowsEditor(7,DESKTOP-81GNIS3) [Debug] 1 [PackageName] WindowsEditor [ProjectName] Editor" joined multi-casting on [225.0.0.222:54997]...

Player connection [21896] Host "[IP] 192.168.0.22 [Port] 0 [Flags] 2 [Guid] 1011475816 [EditorId] 1011475816 [Version] 1048832 [Id] WindowsEditor(7,DESKTOP-81GNIS3) [Debug] 1 [PackageName] WindowsEditor [ProjectName] Editor" joined alternative multi-casting on [225.0.0.222:34997]...

Refreshing native plugins compatible for Editor in 24.23 ms, found 4 plugins.
Preloading 0 native plugins for Editor in 0.00 ms.
Initialize engine version: 2022.2.18f1 (5ebc6493a86f)
[Subsystems] Discovering subsystems at path C:/Program Files/Unity/Hub/Editor/2022.2.18f1/Editor/Data/Resources/UnitySubsystems
[Subsystems] Discovering subsystems at path C:/Users/FeedMashina/Desktop/PAPKA/UNECOMobile2D вЂ” РєРѕРїРёСЏ/Assets
GfxDevice: creating device client; threaded=0; jobified=0
Direct3D:
    Version:  Direct3D 11.0 [level 11.1]
    Renderer: NVIDIA GeForce RTX 2060 SUPER (ID=0x1f06)
    Vendor:   NVIDIA
    VRAM:     8019 MB
    Driver:   31.0.15.3179
Initialize mono
Mono path[0] = 'C:/Program Files/Unity/Hub/Editor/2022.2.18f1/Editor/Data/Managed'
Mono path[1] = 'C:/Program Files/Unity/Hub/Editor/2022.2.18f1/Editor/Data/MonoBleedingEdge/lib/mono/unityjit-win32'
Mono config path = 'C:/Program Files/Unity/Hub/Editor/2022.2.18f1/Editor/Data/MonoBleedingEdge/etc'
Using monoOptions --debugger-agent=transport=dt_socket,embedding=1,server=y,suspend=n,address=127.0.0.1:56972
Begin MonoManager ReloadAssembly
Registering precompiled unity dll's ...
Register platform support module: C:/Program Files/Unity/Hub/Editor/2022.2.18f1/Editor/Data/PlaybackEngines/AndroidPlayer/UnityEditor.Android.Extensions.dll
Register platform support module: C:/Program Files/Unity/Hub/Editor/2022.2.18f1/Editor/Data/PlaybackEngines/iOSSupport/UnityEditor.iOS.Extensions.dll
Register platform support module: C:/Program Files/Unity/Hub/Editor/2022.2.18f1/Editor/Data/PlaybackEngines/WindowsStandaloneSupport/UnityEditor.WindowsStandalone.Extensions.dll
Registered in 0.016549 seconds.
- Loaded All Assemblies, in  0.615 seconds
Native extension for WindowsStandalone target not found
[usbmuxd] Start listen thread
[usbmuxd] Listen thread started
Native extension for iOS target not found
Native extension for Android target not found
Android Extension - Scanning For ADB Devices 683 ms
Mono: successfully reloaded assembly
- Finished resetting the current domain, in  1.164 seconds
Domain Reload Profiling:
	ReloadAssembly (333ms)
		BeginReloadAssembly (164ms)
			ExecutionOrderSort (0ms)
			DisableScriptedObjects (0ms)
			BackupInstance (0ms)
			ReleaseScriptingObjects (0ms)
			CreateAndSetChildDomain (3ms)
		LoadAllAssembliesAndSetupDomain (0ms)
			LoadAssemblies (158ms)
			RebuildTransferFunctionScriptingTraits (0ms)
			SetupTypeCache (268ms)
				TypeCache.Initialize (267ms)
					TypeCache.ScanAssembly (261ms)
				ResolveRequiredComponents (1ms)
		FinalizeReload (0ms)
			ReleaseScriptCaches (0ms)
			RebuildScriptCaches (0ms)
			SetupLoadedEditorAssemblies (1078ms)
				LogAssemblyErrors (0ms)
				InitializePlatformSupportModulesInManaged (822ms)
				SetLoadedEditorAssemblies (9ms)
				RefreshPlugins (0ms)
				BeforeProcessingInitializeOnLoad (2ms)
				ProcessInitializeOnLoadAttributes (170ms)
				ProcessInitializeOnLoadMethodAttributes (74ms)
				AfterProcessingInitializeOnLoad (0ms)
				EditorAssembliesLoaded (0ms)
			ExecutionOrderSort2 (0ms)
			AwakeInstancesAfterBackupRestoration (0ms)
========================================================================
Worker process is ready to serve import requests
Begin MonoManager ReloadAssembly
Symbol file LoadedFromMemory doesn't match image C:\Users\FeedMashina\Desktop\PAPKA\UNECOMobile2D вЂ” РєРѕРїРёСЏ\Library\PackageCache\com.unity.visualscripting@1.8.0\Editor\VisualScripting.Core\Dependencies\YamlDotNet\Unity.VisualScripting.YamlDotNet.dll
Symbol file LoadedFromMemory doesn't match image C:\Users\FeedMashina\Desktop\PAPKA\UNECOMobile2D вЂ” РєРѕРїРёСЏ\Library\PackageCache\com.unity.visualscripting@1.8.0\Editor\VisualScripting.Core\Dependencies\DotNetZip\Unity.VisualScripting.IonicZip.dll
- Loaded All Assemblies, in  1.647 seconds
Refreshing native plugins compatible for Editor in 10.78 ms, found 4 plugins.
Native extension for WindowsStandalone target not found
Native extension for iOS target not found
Native extension for Android target not found
Mono: successfully reloaded assembly
Package Manager log level set to [2]
[Package Manager] Server::EnsureServerProcessIsRunning -- launch failed, reason: Unity was launched with the -noUpm command-line argument
[Package Manager] UpmClient::Send -- Unable to send message (not connected to UPM process).
[Package Manager] Cannot connect to Unity Package Manager local server
[Package Manager] Server::EnsureServerProcessIsRunning -- launch failed, reason: Unity was launched with the -noUpm command-line argument
[Package Manager] UpmClient::Send -- Unable to send message (not connected to UPM process).
[Package Manager] Cannot connect to Unity Package Manager local server
- Finished resetting the current domain, in  0.856 seconds
Domain Reload Profiling:
	ReloadAssembly (402ms)
		BeginReloadAssembly (250ms)
			ExecutionOrderSort (0ms)
			DisableScriptedObjects (7ms)
			BackupInstance (0ms)
			ReleaseScriptingObjects (0ms)
			CreateAndSetChildDomain (47ms)
		LoadAllAssembliesAndSetupDomain (1237ms)
			LoadAssemblies (814ms)
			RebuildTransferFunctionScriptingTraits (0ms)
			SetupTypeCache (540ms)
				TypeCache.Initialize (496ms)
					TypeCache.ScanAssembly (488ms)
				ResolveRequiredComponents (8ms)
		FinalizeReload (0ms)
			ReleaseScriptCaches (0ms)
			RebuildScriptCaches (0ms)
			SetupLoadedEditorAssemblies (602ms)
				LogAssemblyErrors (0ms)
				InitializePlatformSupportModulesInManaged (44ms)
				SetLoadedEditorAssemblies (10ms)
				RefreshPlugins (0ms)
				BeforeProcessingInitializeOnLoad (124ms)
				ProcessInitializeOnLoadAttributes (365ms)
				ProcessInitializeOnLoadMethodAttributes (52ms)
				AfterProcessingInitializeOnLoad (7ms)
				EditorAssembliesLoaded (0ms)
			ExecutionOrderSort2 (0ms)
			AwakeInstancesAfterBackupRestoration (8ms)
Launched and connected shader compiler UnityShaderCompiler.exe after 0.13 seconds
Refreshing native plugins compatible for Editor in 34.30 ms, found 4 plugins.
Preloading 0 native plugins for Editor in 0.00 ms.
Unloading 4350 Unused Serialized files (Serialized files now loaded: 0)
Unloading 80 unused Assets / (79.2 KB). Loaded Objects now: 4802.
Memory consumption went from 142.3 MB to 142.2 MB.
Total: 8.759100 ms (FindLiveObjects: 1.122000 ms CreateObjectMapping: 1.208900 ms MarkObjects: 6.068100 ms  DeleteObjects: 0.358400 ms)

AssetImportParameters requested are different than current active one (requested -> active):
  custom:container-demuxer-ogg: 62fdf1f143b41e24485cea50d1cbac27 -> 
  custom:video-decoder-ogg-theora: a1e56fd34408186e4bbccfd4996cb3dc -> 
  custom:framework-win-MediaFoundation: 216162199b28c13a410421893ffa2e32 -> 
  custom:container-demuxer-webm: 4f35f7cbe854078d1ac9338744f61a02 -> 
  custom:container-muxer-webm: aa71ff27fc2769a1b78a27578f13a17b -> 
  custom:video-decoder-webm-vp8: 9c59270c3fd7afecdb556c50c9e8de78 -> 
  custom:AudioImporter_EditorPlatform: d09bf68614088b80899f8185d706f6e7 -> 
  custom:video-encoder-webm-vp8: eb34c28f22e8b96e1ab97ce403110664 -> 
  custom:audio-decoder-ogg-vorbis: bf7c407c2cedff20999df2af8eb42d56 -> 
  custom:audio-encoder-webm-vorbis: bf7c407c2cedff20999df2af8eb42d56 -> 
========================================================================
Received Import Request.
  Time since last request: 71262.033042 seconds.
  path: Assets/РњРѕРґРµР»СЊРєРё/РјРµРґРІРµРґСЊ/bb6c9b9e-6ab7-4676-b9c9-6f696e7e8d2d.png
  artifactKey: Guid(30b5ac892e1308c40a2c868f45d32e9a) Importer(815301076,1909f56bfc062723c751e8b465ee728b)
Start importing Assets/РњРѕРґРµР»СЊРєРё/РјРµРґРІРµРґСЊ/bb6c9b9e-6ab7-4676-b9c9-6f696e7e8d2d.png using Guid(30b5ac892e1308c40a2c868f45d32e9a) Importer(815301076,1909f56bfc062723c751e8b465ee728b)  -> (artifact id: '45025f008f856dffedb6ccdeb98542e0') in 0.146561 seconds
Number of updated asset objects reloaded before import = 0
Number of asset objects unloaded after import = 3
========================================================================
Received Import Request.
  Time since last request: 133.063642 seconds.
  path: Assets/РњРѕРґРµР»СЊРєРё/РјСѓСЃРѕСЂ 1/Р±Р°РЅРєР° СЂС‹Р±Р°.png
  artifactKey: Guid(15def4dfeb805244dabf6c36c4abcc80) Importer(815301076,1909f56bfc062723c751e8b465ee728b)
Start importing Assets/РњРѕРґРµР»СЊРєРё/РјСѓСЃРѕСЂ 1/Р±Р°РЅРєР° СЂС‹Р±Р°.png using Guid(15def4dfeb805244dabf6c36c4abcc80) Importer(815301076,1909f56bfc062723c751e8b465ee728b)  -> (artifact id: '8ca277c24f5e43b2337b825ab603bacd') in 0.039215 seconds
Number of updated asset objects reloaded before import = 0
Number of asset objects unloaded after import = 3
========================================================================
Received Import Request.
  Time since last request: 0.000027 seconds.
  path: Assets/РњРѕРґРµР»СЊРєРё/РјСѓСЃРѕСЂ 1/РєСѓС‡Р° РјСѓСЃРѕСЂР°.png
  artifactKey: Guid(b1964e310ec31104284131f6a74cc1e7) Importer(815301076,1909f56bfc062723c751e8b465ee728b)
Start importing Assets/РњРѕРґРµР»СЊРєРё/РјСѓСЃРѕСЂ 1/РєСѓС‡Р° РјСѓСЃРѕСЂР°.png using Guid(b1964e310ec31104284131f6a74cc1e7) Importer(815301076,1909f56bfc062723c751e8b465ee728b)  -> (artifact id: '8c35b1a26535b089f2c53a6e3e52ab04') in 0.019780 seconds
Number of updated asset objects reloaded before import = 0
Number of asset objects unloaded after import = 3
========================================================================
Received Prepare
Begin MonoManager ReloadAssembly
Symbol file LoadedFromMemory doesn't match image C:\Users\FeedMashina\Desktop\PAPKA\UNECOMobile2D вЂ” РєРѕРїРёСЏ\Library\PackageCache\com.unity.visualscripting@1.8.0\Editor\VisualScripting.Core\Dependencies\YamlDotNet\Unity.VisualScripting.YamlDotNet.dll
Symbol file LoadedFromMemory doesn't match image C:\Users\FeedMashina\Desktop\PAPKA\UNECOMobile2D вЂ” РєРѕРїРёСЏ\Library\PackageCache\com.unity.visualscripting@1.8.0\Editor\VisualScripting.Core\Dependencies\DotNetZip\Unity.VisualScripting.IonicZip.dll
- Loaded All Assemblies, in  0.775 seconds
Refreshing native plugins compatible for Editor in 7.35 ms, found 4 plugins.
Native extension for WindowsStandalone target not found
Native extension for iOS target not found
Native extension for Android target not found
Mono: successfully reloaded assembly
[Package Manager] Server::EnsureServerProcessIsRunning -- launch failed, reason: Unity was launched with the -noUpm command-line argument
[Package Manager] UpmClient::Send -- Unable to send message (not connected to UPM process).
[Package Manager] Cannot connect to Unity Package Manager local server
- Finished resetting the current domain, in  0.921 seconds
Domain Reload Profiling:
	ReloadAssembly (243ms)
		BeginReloadAssembly (166ms)
			ExecutionOrderSort (0ms)
			DisableScriptedObjects (12ms)
			BackupInstance (0ms)
			ReleaseScriptingObjects (0ms)
			CreateAndSetChildDomain (50ms)
		LoadAllAssembliesAndSetupDomain (528ms)
			LoadAssemblies (313ms)
			RebuildTransferFunctionScriptingTraits (0ms)
			SetupTypeCache (278ms)
				TypeCache.Initialize (272ms)
					TypeCache.ScanAssembly (266ms)
				ResolveRequiredComponents (5ms)
		FinalizeReload (0ms)
			ReleaseScriptCaches (0ms)
			RebuildScriptCaches (0ms)
			SetupLoadedEditorAssemblies (383ms)
				LogAssemblyErrors (0ms)
				InitializePlatformSupportModulesInManaged (33ms)
				SetLoadedEditorAssemblies (5ms)
				RefreshPlugins (0ms)
				BeforeProcessingInitializeOnLoad (84ms)
				ProcessInitializeOnLoadAttributes (220ms)
				ProcessInitializeOnLoadMethodAttributes (34ms)
				AfterProcessingInitializeOnLoad (7ms)
				EditorAssembliesLoaded (0ms)
			ExecutionOrderSort2 (0ms)
			AwakeInstancesAfterBackupRestoration (16ms)
Refreshing native plugins compatible for Editor in 10.79 ms, found 4 plugins.
Preloading 0 native plugins for Editor in 0.00 ms.
Unloading 4325 Unused Serialized files (Serialized files now loaded: 0)
Unloading 52 unused Assets / (43.5 KB). Loaded Objects now: 4813.
Memory consumption went from 140.7 MB to 140.6 MB.
Total: 4.133200 ms (FindLiveObjects: 0.458600 ms CreateObjectMapping: 0.393000 ms MarkObjects: 3.160400 ms  DeleteObjects: 0.119800 ms)

Prepare: number of updated asset objects reloaded= 0
AssetImportParameters requested are different than current active one (requested -> active):
  custom:container-demuxer-ogg: 62fdf1f143b41e24485cea50d1cbac27 -> 
  custom:video-decoder-ogg-theora: a1e56fd34408186e4bbccfd4996cb3dc -> 
  custom:framework-win-MediaFoundation: 216162199b28c13a410421893ffa2e32 -> 
  custom:container-demuxer-webm: 4f35f7cbe854078d1ac9338744f61a02 -> 
  custom:container-muxer-webm: aa71ff27fc2769a1b78a27578f13a17b -> 
  custom:video-decoder-webm-vp8: 9c59270c3fd7afecdb556c50c9e8de78 -> 
  custom:AudioImporter_EditorPlatform: d09bf68614088b80899f8185d706f6e7 -> 
  custom:video-encoder-webm-vp8: eb34c28f22e8b96e1ab97ce403110664 -> 
  custom:audio-decoder-ogg-vorbis: bf7c407c2cedff20999df2af8eb42d56 -> 
  custom:audio-encoder-webm-vorbis: bf7c407c2cedff20999df2af8eb42d56 -> 
========================================================================
Received Prepare
Begin MonoManager ReloadAssembly
Symbol file LoadedFromMemory doesn't match image C:\Users\FeedMashina\Desktop\PAPKA\UNECOMobile2D вЂ” РєРѕРїРёСЏ\Library\PackageCache\com.unity.visualscripting@1.8.0\Editor\VisualScripting.Core\Dependencies\YamlDotNet\Unity.VisualScripting.YamlDotNet.dll
Symbol file LoadedFromMemory doesn't match image C:\Users\FeedMashina\Desktop\PAPKA\UNECOMobile2D вЂ” РєРѕРїРёСЏ\Library\PackageCache\com.unity.visualscripting@1.8.0\Editor\VisualScripting.Core\Dependencies\DotNetZip\Unity.VisualScripting.IonicZip.dll
- Loaded All Assemblies, in  1.107 seconds
Refreshing native plugins compatible for Editor in 7.24 ms, found 4 plugins.
Native extension for WindowsStandalone target not found
Native extension for iOS target not found
Native extension for Android target not found
Mono: successfully reloaded assembly
[Package Manager] Server::EnsureServerProcessIsRunning -- launch failed, reason: Unity was launched with the -noUpm command-line argument
[Package Manager] UpmClient::Send -- Unable to send message (not connected to UPM process).
[Package Manager] Cannot connect to Unity Package Manager local server
- Finished resetting the current domain, in  1.906 seconds
Domain Reload Profiling:
	ReloadAssembly (361ms)
		BeginReloadAssembly (270ms)
			ExecutionOrderSort (0ms)
			DisableScriptedObjects (29ms)
			BackupInstance (0ms)
			ReleaseScriptingObjects (0ms)
			CreateAndSetChildDomain (115ms)
		LoadAllAssembliesAndSetupDomain (741ms)
			LoadAssemblies (468ms)
			RebuildTransferFunctionScriptingTraits (0ms)
			SetupTypeCache (353ms)
				TypeCache.Initialize (346ms)
					TypeCache.ScanAssembly (333ms)
				ResolveRequiredComponents (7ms)
		FinalizeReload (0ms)
			ReleaseScriptCaches (0ms)
			RebuildScriptCaches (0ms)
			SetupLoadedEditorAssemblies (441ms)
				LogAssemblyErrors (0ms)
				InitializePlatformSupportModulesInManaged (38ms)
				SetLoadedEditorAssemblies (6ms)
				RefreshPlugins (0ms)
				BeforeProcessingInitializeOnLoad (101ms)
				ProcessInitializeOnLoadAttributes (252ms)
				ProcessInitializeOnLoadMethodAttributes (35ms)
				AfterProcessingInitializeOnLoad (9ms)
				EditorAssembliesLoaded (0ms)
			ExecutionOrderSort2 (0ms)
			AwakeInstancesAfterBackupRestoration (14ms)
Refreshing native plugins compatible for Editor in 13.72 ms, found 4 plugins.
Preloading 0 native plugins for Editor in 0.00 ms.
Unloading 4326 Unused Serialized files (Serialized files now loaded: 0)
Unloading 52 unused Assets / (50.8 KB). Loaded Objects now: 4817.
Memory consumption went from 140.9 MB to 140.9 MB.
Total: 8.290300 ms (FindLiveObjects: 0.714500 ms CreateObjectMapping: 0.536200 ms MarkObjects: 6.835600 ms  DeleteObjects: 0.201300 ms)

Prepare: number of updated asset objects reloaded= 0
AssetImportParameters requested are different than current active one (requested -> active):
  custom:container-demuxer-ogg: 62fdf1f143b41e24485cea50d1cbac27 -> 
  custom:video-decoder-ogg-theora: a1e56fd34408186e4bbccfd4996cb3dc -> 
  custom:framework-win-MediaFoundation: 216162199b28c13a410421893ffa2e32 -> 
  custom:container-demuxer-webm: 4f35f7cbe854078d1ac9338744f61a02 -> 
  custom:container-muxer-webm: aa71ff27fc2769a1b78a27578f13a17b -> 
  custom:video-decoder-webm-vp8: 9c59270c3fd7afecdb556c50c9e8de78 -> 
  custom:AudioImporter_EditorPlatform: d09bf68614088b80899f8185d706f6e7 -> 
  custom:video-encoder-webm-vp8: eb34c28f22e8b96e1ab97ce403110664 -> 
  custom:audio-decoder-ogg-vorbis: bf7c407c2cedff20999df2af8eb42d56 -> 
  custom:audio-encoder-webm-vorbis: bf7c407c2cedff20999df2af8eb42d56 -> 
========================================================================
Received Prepare
Begin MonoManager ReloadAssembly
Symbol file LoadedFromMemory doesn't match image C:\Users\FeedMashina\Desktop\PAPKA\UNECOMobile2D вЂ” РєРѕРїРёСЏ\Library\PackageCache\com.unity.visualscripting@1.8.0\Editor\VisualScripting.Core\Dependencies\YamlDotNet\Unity.VisualScripting.YamlDotNet.dll
Symbol file LoadedFromMemory doesn't match image C:\Users\FeedMashina\Desktop\PAPKA\UNECOMobile2D вЂ” РєРѕРїРёСЏ\Library\PackageCache\com.unity.visualscripting@1.8.0\Editor\VisualScripting.Core\Dependencies\DotNetZip\Unity.VisualScripting.IonicZip.dll
- Loaded All Assemblies, in  0.845 seconds
Refreshing native plugins compatible for Editor in 7.61 ms, found 4 plugins.
Native extension for WindowsStandalone target not found
Native extension for iOS target not found
Native extension for Android target not found
Mono: successfully reloaded assembly
[Package Manager] Server::EnsureServerProcessIsRunning -- launch failed, reason: Unity was launched with the -noUpm command-line argument
[Package Manager] UpmClient::Send -- Unable to send message (not connected to UPM process).
[Package Manager] Cannot connect to Unity Package Manager local server
- Finished resetting the current domain, in  1.064 seconds
Domain Reload Profiling:
	ReloadAssembly (243ms)
		BeginReloadAssembly (167ms)
			ExecutionOrderSort (0ms)
			DisableScriptedObjects (13ms)
			BackupInstance (0ms)
			ReleaseScriptingObjects (0ms)
			CreateAndSetChildDomain (49ms)
		LoadAllAssembliesAndSetupDomain (598ms)
			LoadAssemblies (372ms)
			RebuildTransferFunctionScriptingTraits (0ms)
			SetupTypeCache (290ms)
				TypeCache.Initialize (285ms)
					TypeCache.ScanAssembly (277ms)
				ResolveRequiredComponents (6ms)
		FinalizeReload (0ms)
			ReleaseScriptCaches (0ms)
			RebuildScriptCaches (0ms)
			SetupLoadedEditorAssemblies (486ms)
				LogAssemblyErrors (0ms)
				InitializePlatformSupportModulesInManaged (36ms)
				SetLoadedEditorAssemblies (6ms)
				RefreshPlugins (0ms)
				BeforeProcessingInitializeOnLoad (95ms)
				ProcessInitializeOnLoadAttributes (306ms)
				ProcessInitializeOnLoadMethodAttributes (36ms)
				AfterProcessingInitializeOnLoad (7ms)
				EditorAssembliesLoaded (0ms)
			ExecutionOrderSort2 (0ms)
			AwakeInstancesAfterBackupRestoration (14ms)
Refreshing native plugins compatible for Editor in 12.81 ms, found 4 plugins.
Preloading 0 native plugins for Editor in 0.00 ms.
Unloading 4326 Unused Serialized files (Serialized files now loaded: 0)
Unloading 52 unused Assets / (50.8 KB). Loaded Objects now: 4821.
Memory consumption went from 140.9 MB to 140.9 MB.
Total: 5.481300 ms (FindLiveObjects: 0.711900 ms CreateObjectMapping: 0.551100 ms MarkObjects: 4.120400 ms  DeleteObjects: 0.096700 ms)

Prepare: number of updated asset objects reloaded= 0
AssetImportParameters requested are different than current active one (requested -> active):
  custom:container-demuxer-ogg: 62fdf1f143b41e24485cea50d1cbac27 -> 
  custom:video-decoder-ogg-theora: a1e56fd34408186e4bbccfd4996cb3dc -> 
  custom:framework-win-MediaFoundation: 216162199b28c13a410421893ffa2e32 -> 
  custom:container-demuxer-webm: 4f35f7cbe854078d1ac9338744f61a02 -> 
  custom:container-muxer-webm: aa71ff27fc2769a1b78a27578f13a17b -> 
  custom:video-decoder-webm-vp8: 9c59270c3fd7afecdb556c50c9e8de78 -> 
  custom:AudioImporter_EditorPlatform: d09bf68614088b80899f8185d706f6e7 -> 
  custom:video-encoder-webm-vp8: eb34c28f22e8b96e1ab97ce403110664 -> 
  custom:audio-decoder-ogg-vorbis: bf7c407c2cedff20999df2af8eb42d56 -> 
  custom:audio-encoder-webm-vorbis: bf7c407c2cedff20999df2af8eb42d56 -> 
========================================================================
Received Import Request.
  Time since last request: 3543.278011 seconds.
  path: Assets/РњРѕРґРµР»СЊРєРё/РґРµСЂРµРІРѕ (1)/РґРµСЂРµРІРѕ С‚РёРїСЂ 2.png
  artifactKey: Guid(6a3fc3434ad660249b47d21db58442c3) Importer(815301076,1909f56bfc062723c751e8b465ee728b)
Start importing Assets/РњРѕРґРµР»СЊРєРё/РґРµСЂРµРІРѕ (1)/РґРµСЂРµРІРѕ С‚РёРїСЂ 2.png using Guid(6a3fc3434ad660249b47d21db58442c3) Importer(815301076,1909f56bfc062723c751e8b465ee728b)  -> (artifact id: '520d1be6172e04ab3d181f7d63aafcc6') in 0.121783 seconds
Number of updated asset objects reloaded before import = 0
Number of asset objects unloaded after import = 3
========================================================================
Received Import Request.
  Time since last request: 0.000035 seconds.
  path: Assets/РњРѕРґРµР»СЊРєРё/РґРµСЂРµРІРѕ (1)/РґРµСЂРµРІРѕ С‚РёСЂ 1.png
  artifactKey: Guid(c7ee055de0948c540b6483598c73ba11) Importer(815301076,1909f56bfc062723c751e8b465ee728b)
Start importing Assets/РњРѕРґРµР»СЊРєРё/РґРµСЂРµРІРѕ (1)/РґРµСЂРµРІРѕ С‚РёСЂ 1.png using Guid(c7ee055de0948c540b6483598c73ba11) Importer(815301076,1909f56bfc062723c751e8b465ee728b)  -> (artifact id: '7bfc248b48e29de21771be20135da7fc') in 0.021963 seconds
Number of updated asset objects reloaded before import = 0
Number of asset objects unloaded after import = 3
========================================================================
Received Import Request.
  Time since last request: 0.132627 seconds.
  path: Assets/РњРѕРґРµР»СЊРєРё/Р±Р°СЂ 2 Р»РµСЃР±СѓС…Рё/Р»РѕР°Рґ Р±Р°СЂ 100%.png
  artifactKey: Guid(1cbcafa01d5920a4da1f469fbbf39217) Importer(815301076,1909f56bfc062723c751e8b465ee728b)
Start importing Assets/РњРѕРґРµР»СЊРєРё/Р±Р°СЂ 2 Р»РµСЃР±СѓС…Рё/Р»РѕР°Рґ Р±Р°СЂ 100%.png using Guid(1cbcafa01d5920a4da1f469fbbf39217) Importer(815301076,1909f56bfc062723c751e8b465ee728b)  -> (artifact id: '05b08e95c606fc0543d7351c481cec1b') in 0.024014 seconds
Number of updated asset objects reloaded before import = 0
Number of asset objects unloaded after import = 3
========================================================================
Received Import Request.
  Time since last request: 0.356652 seconds.
  path: Assets/РњРѕРґРµР»СЊРєРё/РњСѓСЃРѕСЂ/Р±Р°РЅРєР° СЂС‹Р±Р°.png
  artifactKey: Guid(1ad3c3a8e7e3e0243b06ad3d22e3264a) Importer(815301076,1909f56bfc062723c751e8b465ee728b)
Start importing Assets/РњРѕРґРµР»СЊРєРё/РњСѓСЃРѕСЂ/Р±Р°РЅРєР° СЂС‹Р±Р°.png using Guid(1ad3c3a8e7e3e0243b06ad3d22e3264a) Importer(815301076,1909f56bfc062723c751e8b465ee728b)  -> (artifact id: 'b1bdc26c3007350961b71d0eba23c709') in 0.020431 seconds
Number of updated asset objects reloaded before import = 0
Number of asset objects unloaded after import = 3
========================================================================
Received Import Request.
  Time since last request: 0.000034 seconds.
  path: Assets/РњРѕРґРµР»СЊРєРё/РњСѓСЃРѕСЂ/Р±СѓС‚С‹Р»РєР°.png
  artifactKey: Guid(14342f60f2a9d8b4e999b6d39dec12ee) Importer(815301076,1909f56bfc062723c751e8b465ee728b)
Start importing Assets/РњРѕРґРµР»СЊРєРё/РњСѓСЃРѕСЂ/Р±СѓС‚С‹Р»РєР°.png using Guid(14342f60f2a9d8b4e999b6d39dec12ee) Importer(815301076,1909f56bfc062723c751e8b465ee728b)  -> (artifact id: '954e2bae834b8e0dacc3cf659e8d117d') in 0.027062 seconds
Number of updated asset objects reloaded before import = 0
Number of asset objects unloaded after import = 3
========================================================================
Received Import Request.
  Time since last request: 0.278194 seconds.
  path: Assets/РњРѕРґРµР»СЊРєРё/РРіРѕСЂСЊ РѕСЃРЅРѕРІР° 1/NPC РёРіРѕСЂСЊ Р»Рµ РІРЅРѕРіР°.png
  artifactKey: Guid(450f096a69bab9a499b26b9435da3b63) Importer(815301076,1909f56bfc062723c751e8b465ee728b)
Start importing Assets/РњРѕРґРµР»СЊРєРё/РРіРѕСЂСЊ РѕСЃРЅРѕРІР° 1/NPC РёРіРѕСЂСЊ Р»Рµ РІРЅРѕРіР°.png using Guid(450f096a69bab9a499b26b9435da3b63) Importer(815301076,1909f56bfc062723c751e8b465ee728b)  -> (artifact id: 'b533ec4b55524e925735774d041aa55e') in 0.072858 seconds
Number of updated asset objects reloaded before import = 0
Number of asset objects unloaded after import = 3
========================================================================
Received Import Request.
  Time since last request: 0.000029 seconds.
  path: Assets/РњРѕРґРµР»СЊРєРё/РРіРѕСЂСЊ РѕСЃРЅРѕРІР° 1/NPC РёРіРѕСЂСЊ С‚РµР»Рѕ.png
  artifactKey: Guid(07cb2eab949345841b90a70cef7aac06) Importer(815301076,1909f56bfc062723c751e8b465ee728b)
Start importing Assets/РњРѕРґРµР»СЊРєРё/РРіРѕСЂСЊ РѕСЃРЅРѕРІР° 1/NPC РёРіРѕСЂСЊ С‚РµР»Рѕ.png using Guid(07cb2eab949345841b90a70cef7aac06) Importer(815301076,1909f56bfc062723c751e8b465ee728b)  -> (artifact id: '6b7e015fba5e72c934b681fc4c4bf54b') in 0.047766 seconds
Number of updated asset objects reloaded before import = 0
Number of asset objects unloaded after import = 3
========================================================================
Received Import Request.
  Time since last request: 0.005881 seconds.
  path: Assets/РњРѕРґРµР»СЊРєРё/РРіРѕСЂСЊ РѕСЃРЅРѕРІР° 1/РјРѕРґРµР»СЊ РЅРѕРІР°СЏ.png
  artifactKey: Guid(86fd9a7c32c9f7a4d90ed5892ae90444) Importer(815301076,1909f56bfc062723c751e8b465ee728b)
Start importing Assets/РњРѕРґРµР»СЊРєРё/РРіРѕСЂСЊ РѕСЃРЅРѕРІР° 1/РјРѕРґРµР»СЊ РЅРѕРІР°СЏ.png using Guid(86fd9a7c32c9f7a4d90ed5892ae90444) Importer(815301076,1909f56bfc062723c751e8b465ee728b)  -> (artifact id: 'c1da07a424284ac4e7db7dc865d40019') in 0.056339 seconds
Number of updated asset objects reloaded before import = 0
Number of asset objects unloaded after import = 3
========================================================================
Received Import Request.
  Time since last request: 0.000026 seconds.
  path: Assets/РњРѕРґРµР»СЊРєРё/РРіРѕСЂСЊ РѕСЃРЅРѕРІР° 1/NPC РёРіРѕСЂСЊ С„СѓР»Р».png
  artifactKey: Guid(8e419ac5a0d69834f916123fd1c9ecf4) Importer(815301076,1909f56bfc062723c751e8b465ee728b)
Start importing Assets/РњРѕРґРµР»СЊРєРё/РРіРѕСЂСЊ РѕСЃРЅРѕРІР° 1/NPC РёРіРѕСЂСЊ С„СѓР»Р».png using Guid(8e419ac5a0d69834f916123fd1c9ecf4) Importer(815301076,1909f56bfc062723c751e8b465ee728b)  -> (artifact id: '463271a7f872c4b71749cc643dad255f') in 0.053069 seconds
Number of updated asset objects reloaded before import = 0
Number of asset objects unloaded after import = 3
========================================================================
Received Import Request.
  Time since last request: 11.317663 seconds.
  path: Assets/РњРѕРґРµР»СЊРєРё/РёРЅСЃС‚СЂСѓРјРµРЅС‚С‹/Р»РѕРїР°С‚Р°.png
  artifactKey: Guid(7eeba375859ef714ba8598f918905baf) Importer(815301076,1909f56bfc062723c751e8b465ee728b)
Start importing Assets/РњРѕРґРµР»СЊРєРё/РёРЅСЃС‚СЂСѓРјРµРЅС‚С‹/Р»РѕРїР°С‚Р°.png using Guid(7eeba375859ef714ba8598f918905baf) Importer(815301076,1909f56bfc062723c751e8b465ee728b)  -> (artifact id: '8cf79ab0ccd596c39ebcebe1a3f53be7') in 0.033239 seconds
Number of updated asset objects reloaded before import = 0
Number of asset objects unloaded after import = 3
Editor requested this worker to shutdown with reason: Scaling down because of idle timeout
TcpMessagingSession - receive error: operation aborted. errorcode: 995, details: Операция ввода/вывода была прервана из-за завершения потока команд или по запросу приложения.
AssetImportWorker is now disconnected from the server
Process exiting
Exiting without the bug reporter. Application will terminate with return code 0